<?xml version="1.0" encoding="UTF-8"?>
<!-- Generated by org.testng.reporters.JUnitXMLReporter -->
<testsuite ignored="0" hostname="Archana" failures="2" tests="7" name="ChromeTest" time="318.979" errors="0" timestamp="2022-09-21T20:47:41 IST">
  <testcase classname="TestPack.ToVerifyFacebookHomePage" name="toVerifyLogInPage" time="11.001">
    <failure type="java.lang.AssertionError" message="The password that you&amp;apos;ve entered is incorrect. Forgotten password? expected [(2) Facebook] but found [Log in to Facebook]">
      <![CDATA[java.lang.AssertionError: The password that you've entered is incorrect. Forgotten password? expected [(2) Facebook] but found [Log in to Facebook]
at TestPack.ToVerifyFacebookHomePage.toVerifyLogInPage(ToVerifyFacebookHomePage.java:95)
at java.base/java.util.ArrayList.forEach(ArrayList.java:1511)
at java.base/java.util.concurrent.FutureTask.run(FutureTask.java:264)
at java.base/java.util.concurrent.ThreadPoolExecutor.runWorker(ThreadPoolExecutor.java:1136)
at java.base/java.util.concurrent.ThreadPoolExecutor$Worker.run(ThreadPoolExecutor.java:635)
at java.base/java.lang.Thread.run(Thread.java:833)
... Removed 21 stack frames]]>
    </failure>
  </testcase> <!-- toVerifyLogInPage -->
  <testcase classname="TestPack.ToVerifyFacebookHomePage" name="toVerifySignUpPage" time="13.501">
    <failure type="java.lang.AssertionError" message="expected [Facebook] but found [Sign up for Facebook | Facebook]">
      <![CDATA[java.lang.AssertionError: expected [Facebook] but found [Sign up for Facebook | Facebook]
at TestPack.ToVerifyFacebookHomePage.toVerifySignUpPage(ToVerifyFacebookHomePage.java:78)
at java.base/java.util.ArrayList.forEach(ArrayList.java:1511)
at java.base/java.util.concurrent.FutureTask.run(FutureTask.java:264)
at java.base/java.util.concurrent.ThreadPoolExecutor.runWorker(ThreadPoolExecutor.java:1136)
at java.base/java.util.concurrent.ThreadPoolExecutor$Worker.run(ThreadPoolExecutor.java:635)
at java.base/java.lang.Thread.run(Thread.java:833)
... Removed 22 stack frames]]>
    </failure>
  </testcase> <!-- toVerifySignUpPage -->
  <testcase classname="TempTestNg2.ToVerifyAllTab" name="verifyHandbagsButton" time="10.585"/>
  <testcase classname="TempTestNg2.ToVerifyAllTab" name="verifySandalsButton" time="7.074"/>
  <testcase classname="TempTestNg2.ToVerifyProductPage" name="verifyaddToCart" time="33.789"/>
  <testcase classname="TempTestNg2.ToVerifyProductPage" name="verifyBuyNowButton" time="23.384"/>
  <testcase classname="TempTestNg2.ToVerifyProductPage" name="verifyAddtoWishListButton" time="30.731"/>
</testsuite> <!-- ChromeTest -->
