<?xml version="1.0" encoding="UTF-8"?>
<testng-results ignored="0" total="1" passed="1" failed="0" skipped="0">
  <reporter-output>
  </reporter-output>
  <suite started-at="2022-09-06T19:59:03 IST" name="Default suite" finished-at="2022-09-06T19:59:03 IST" duration-ms="232">
    <groups>
    </groups>
    <test started-at="2022-09-06T19:59:03 IST" name="Default test" finished-at="2022-09-06T19:59:03 IST" duration-ms="232">
      <class name="Project1.TestNg123">
        <test-method is-config="true" signature="beforeClass()[pri:0, instance:Project1.TestNg123@1b1473ab]" started-at="2022-09-06T19:59:03 IST" name="beforeClass" finished-at="2022-09-06T19:59:03 IST" duration-ms="27" status="PASS">
          <reporter-output>
          </reporter-output>
        </test-method> <!-- beforeClass -->
        <test-method is-config="true" signature="beforeMethod()[pri:0, instance:Project1.TestNg123@1b1473ab]" started-at="2022-09-06T19:59:03 IST" name="beforeMethod" finished-at="2022-09-06T19:59:03 IST" duration-ms="3" status="PASS">
          <reporter-output>
          </reporter-output>
        </test-method> <!-- beforeMethod -->
        <test-method signature="test()[pri:0, instance:Project1.TestNg123@1b1473ab]" started-at="2022-09-06T19:59:03 IST" name="test" finished-at="2022-09-06T19:59:03 IST" duration-ms="37" status="PASS">
          <reporter-output>
          </reporter-output>
        </test-method> <!-- test -->
      </class> <!-- Project1.TestNg123 -->
    </test> <!-- Default test -->
  </suite> <!-- Default suite -->
</testng-results>
