<?xml version="1.0" encoding="UTF-8"?>
<testng-results ignored="0" total="7" passed="5" failed="2" skipped="0">
  <reporter-output>
  </reporter-output>
  <suite started-at="2022-09-24T15:51:16 IST" name="Suite" finished-at="2022-09-24T15:55:35 IST" duration-ms="259583">
    <groups>
    </groups>
    <test started-at="2022-09-24T15:51:16 IST" name="ChromeTest" finished-at="2022-09-24T15:55:35 IST" duration-ms="259583">
      <class name="TestPack.ToVerifyFacebookHomePage">
        <test-method is-config="true" signature="launchBrowser(java.lang.String)[pri:0, instance:TestPack.ToVerifyFacebookHomePage@6b81ce95]" started-at="2022-09-24T15:51:27 IST" name="launchBrowser" finished-at="2022-09-24T15:51:30 IST" duration-ms="3055" status="PASS">
          <params>
            <param index="0">
              <value>
                <![CDATA[Chrome]]>
              </value>
            </param>
          </params>
          <reporter-output>
          </reporter-output>
        </test-method> <!-- launchBrowser -->
        <test-method is-config="true" signature="createPOMObjects()[pri:0, instance:TestPack.ToVerifyFacebookHomePage@6b81ce95]" started-at="2022-09-24T15:51:33 IST" name="createPOMObjects" finished-at="2022-09-24T15:51:34 IST" duration-ms="515" status="PASS">
          <reporter-output>
          </reporter-output>
        </test-method> <!-- createPOMObjects -->
        <test-method is-config="true" signature="verifyHomePage()[pri:0, instance:TestPack.ToVerifyFacebookHomePage@6b81ce95]" started-at="2022-09-24T15:51:34 IST" name="verifyHomePage" finished-at="2022-09-24T15:51:42 IST" duration-ms="8365" status="PASS">
          <reporter-output>
          </reporter-output>
        </test-method> <!-- verifyHomePage -->
        <test-method signature="toVerifyLogInPage()[pri:0, instance:TestPack.ToVerifyFacebookHomePage@6b81ce95]" started-at="2022-09-24T15:51:42 IST" name="toVerifyLogInPage" finished-at="2022-09-24T15:51:58 IST" duration-ms="16081" status="FAIL">
          <exception class="java.lang.AssertionError">
            <message>
              <![CDATA[The password that you've entered is incorrect. Forgotten password? expected [(2) Facebook] but found []]]>
            </message>
            <full-stacktrace>
              <![CDATA[java.lang.AssertionError: The password that you've entered is incorrect. Forgotten password? expected [(2) Facebook] but found []
at org.testng.Assert.fail(Assert.java:99)
at org.testng.Assert.failNotEquals(Assert.java:1037)
at org.testng.Assert.assertEqualsImpl(Assert.java:140)
at org.testng.Assert.assertEquals(Assert.java:122)
at org.testng.Assert.assertEquals(Assert.java:629)
at TestPack.ToVerifyFacebookHomePage.toVerifyLogInPage(ToVerifyFacebookHomePage.java:95)
at java.base/jdk.internal.reflect.DirectMethodHandleAccessor.invoke(DirectMethodHandleAccessor.java:104)
at java.base/java.lang.reflect.Method.invoke(Method.java:577)
at org.testng.internal.MethodInvocationHelper.invokeMethod(MethodInvocationHelper.java:133)
at org.testng.internal.TestInvoker.invokeMethod(TestInvoker.java:598)
at org.testng.internal.TestInvoker.invokeTestMethod(TestInvoker.java:173)
at org.testng.internal.MethodRunner.runInSequence(MethodRunner.java:46)
at org.testng.internal.TestInvoker$MethodInvocationAgent.invoke(TestInvoker.java:824)
at org.testng.internal.TestInvoker.invokeTestMethods(TestInvoker.java:146)
at org.testng.internal.TestMethodWorker.invokeTestMethods(TestMethodWorker.java:146)
at org.testng.internal.TestMethodWorker.run(TestMethodWorker.java:128)
at java.base/java.util.ArrayList.forEach(ArrayList.java:1511)
at org.testng.TestRunner.privateRun(TestRunner.java:794)
at org.testng.TestRunner.run(TestRunner.java:596)
at org.testng.SuiteRunner.runTest(SuiteRunner.java:377)
at org.testng.SuiteRunner.access$000(SuiteRunner.java:28)
at org.testng.SuiteRunner$SuiteWorker.run(SuiteRunner.java:418)
at org.testng.internal.thread.ThreadUtil.lambda$execute$0(ThreadUtil.java:64)
at java.base/java.util.concurrent.FutureTask.run(FutureTask.java:264)
at java.base/java.util.concurrent.ThreadPoolExecutor.runWorker(ThreadPoolExecutor.java:1136)
at java.base/java.util.concurrent.ThreadPoolExecutor$Worker.run(ThreadPoolExecutor.java:635)
at java.base/java.lang.Thread.run(Thread.java:833)
]]>
            </full-stacktrace>
          </exception> <!-- java.lang.AssertionError -->
          <reporter-output>
          </reporter-output>
        </test-method> <!-- toVerifyLogInPage -->
        <test-method is-config="true" signature="logOutFromaaplication(org.testng.ITestResult)[pri:0, instance:TestPack.ToVerifyFacebookHomePage@6b81ce95]" started-at="2022-09-24T15:51:58 IST" name="logOutFromaaplication" finished-at="2022-09-24T15:51:59 IST" duration-ms="732" status="PASS">
          <params>
            <param index="0">
              <value>
                <![CDATA[[TestResult name=toVerifyLogInPage status=FAILURE method=ToVerifyFacebookHomePage.toVerifyLogInPage()[pri:0, instance:TestPack.ToVerifyFacebookHomePage@6b81ce95] output={null}]]]>
              </value>
            </param>
          </params>
          <reporter-output>
          </reporter-output>
        </test-method> <!-- logOutFromaaplication -->
        <test-method is-config="true" signature="verifyHomePage()[pri:0, instance:TestPack.ToVerifyFacebookHomePage@6b81ce95]" started-at="2022-09-24T15:51:59 IST" name="verifyHomePage" finished-at="2022-09-24T15:52:02 IST" duration-ms="2573" status="PASS">
          <reporter-output>
          </reporter-output>
        </test-method> <!-- verifyHomePage -->
        <test-method signature="toVerifySignUpPage()[pri:0, instance:TestPack.ToVerifyFacebookHomePage@6b81ce95]" started-at="2022-09-24T15:52:02 IST" name="toVerifySignUpPage" finished-at="2022-09-24T15:52:08 IST" duration-ms="6015" status="FAIL">
          <exception class="java.lang.AssertionError">
            <message>
              <![CDATA[expected [Facebook] but found [Sign up for Facebook | Facebook]]]>
            </message>
            <full-stacktrace>
              <![CDATA[java.lang.AssertionError: expected [Facebook] but found [Sign up for Facebook | Facebook]
at org.testng.Assert.fail(Assert.java:99)
at org.testng.Assert.failNotEquals(Assert.java:1037)
at org.testng.Assert.assertEqualsImpl(Assert.java:140)
at org.testng.Assert.assertEquals(Assert.java:122)
at org.testng.Assert.assertEquals(Assert.java:629)
at org.testng.Assert.assertEquals(Assert.java:639)
at TestPack.ToVerifyFacebookHomePage.toVerifySignUpPage(ToVerifyFacebookHomePage.java:78)
at java.base/jdk.internal.reflect.DirectMethodHandleAccessor.invoke(DirectMethodHandleAccessor.java:104)
at java.base/java.lang.reflect.Method.invoke(Method.java:577)
at org.testng.internal.MethodInvocationHelper.invokeMethod(MethodInvocationHelper.java:133)
at org.testng.internal.TestInvoker.invokeMethod(TestInvoker.java:598)
at org.testng.internal.TestInvoker.invokeTestMethod(TestInvoker.java:173)
at org.testng.internal.MethodRunner.runInSequence(MethodRunner.java:46)
at org.testng.internal.TestInvoker$MethodInvocationAgent.invoke(TestInvoker.java:824)
at org.testng.internal.TestInvoker.invokeTestMethods(TestInvoker.java:146)
at org.testng.internal.TestMethodWorker.invokeTestMethods(TestMethodWorker.java:146)
at org.testng.internal.TestMethodWorker.run(TestMethodWorker.java:128)
at java.base/java.util.ArrayList.forEach(ArrayList.java:1511)
at org.testng.TestRunner.privateRun(TestRunner.java:794)
at org.testng.TestRunner.run(TestRunner.java:596)
at org.testng.SuiteRunner.runTest(SuiteRunner.java:377)
at org.testng.SuiteRunner.access$000(SuiteRunner.java:28)
at org.testng.SuiteRunner$SuiteWorker.run(SuiteRunner.java:418)
at org.testng.internal.thread.ThreadUtil.lambda$execute$0(ThreadUtil.java:64)
at java.base/java.util.concurrent.FutureTask.run(FutureTask.java:264)
at java.base/java.util.concurrent.ThreadPoolExecutor.runWorker(ThreadPoolExecutor.java:1136)
at java.base/java.util.concurrent.ThreadPoolExecutor$Worker.run(ThreadPoolExecutor.java:635)
at java.base/java.lang.Thread.run(Thread.java:833)
]]>
            </full-stacktrace>
          </exception> <!-- java.lang.AssertionError -->
          <reporter-output>
          </reporter-output>
        </test-method> <!-- toVerifySignUpPage -->
        <test-method is-config="true" signature="logOutFromaaplication(org.testng.ITestResult)[pri:0, instance:TestPack.ToVerifyFacebookHomePage@6b81ce95]" started-at="2022-09-24T15:52:08 IST" name="logOutFromaaplication" finished-at="2022-09-24T15:52:08 IST" duration-ms="449" status="PASS">
          <params>
            <param index="0">
              <value>
                <![CDATA[[TestResult name=toVerifySignUpPage status=FAILURE method=ToVerifyFacebookHomePage.toVerifySignUpPage()[pri:0, instance:TestPack.ToVerifyFacebookHomePage@6b81ce95] output={null}]]]>
              </value>
            </param>
          </params>
          <reporter-output>
          </reporter-output>
        </test-method> <!-- logOutFromaaplication -->
        <test-method is-config="true" signature="cleanPOMObjects()[pri:0, instance:TestPack.ToVerifyFacebookHomePage@6b81ce95]" started-at="2022-09-24T15:52:08 IST" name="cleanPOMObjects" finished-at="2022-09-24T15:52:08 IST" duration-ms="1" status="PASS">
          <reporter-output>
          </reporter-output>
        </test-method> <!-- cleanPOMObjects -->
        <test-method is-config="true" signature="closedBrowser()[pri:0, instance:TestPack.ToVerifyFacebookHomePage@6b81ce95]" started-at="2022-09-24T15:55:32 IST" name="closedBrowser" finished-at="2022-09-24T15:55:34 IST" duration-ms="2755" status="PASS">
          <reporter-output>
          </reporter-output>
        </test-method> <!-- closedBrowser -->
      </class> <!-- TestPack.ToVerifyFacebookHomePage -->
      <class name="TempTestNg2.ToVerifyProductPage">
        <test-method is-config="true" signature="launchBrowser(java.lang.String)[pri:0, instance:TempTestNg2.ToVerifyProductPage@6572421]" started-at="2022-09-24T15:51:30 IST" name="launchBrowser" finished-at="2022-09-24T15:51:33 IST" duration-ms="3344" status="PASS">
          <params>
            <param index="0">
              <value>
                <![CDATA[Chrome]]>
              </value>
            </param>
          </params>
          <reporter-output>
          </reporter-output>
        </test-method> <!-- launchBrowser -->
        <test-method is-config="true" signature="createPOMObjects()[pri:0, instance:TempTestNg2.ToVerifyProductPage@6572421]" started-at="2022-09-24T15:53:03 IST" name="createPOMObjects" finished-at="2022-09-24T15:53:03 IST" duration-ms="126" status="PASS">
          <reporter-output>
          </reporter-output>
        </test-method> <!-- createPOMObjects -->
        <test-method is-config="true" signature="searchProduct()[pri:0, instance:TempTestNg2.ToVerifyProductPage@6572421]" started-at="2022-09-24T15:53:03 IST" name="searchProduct" finished-at="2022-09-24T15:53:40 IST" duration-ms="36362" status="PASS">
          <reporter-output>
          </reporter-output>
        </test-method> <!-- searchProduct -->
        <test-method signature="verifyaddToCart()[pri:1, instance:TempTestNg2.ToVerifyProductPage@6572421]" started-at="2022-09-24T15:53:40 IST" name="verifyaddToCart" finished-at="2022-09-24T15:54:06 IST" duration-ms="26535" status="PASS">
          <reporter-output>
          </reporter-output>
        </test-method> <!-- verifyaddToCart -->
        <test-method is-config="true" signature="screenshot(org.testng.ITestResult)[pri:0, instance:TempTestNg2.ToVerifyProductPage@6572421]" started-at="2022-09-24T15:54:06 IST" name="screenshot" finished-at="2022-09-24T15:54:06 IST" duration-ms="1" status="PASS">
          <params>
            <param index="0">
              <value>
                <![CDATA[[TestResult name=verifyaddToCart status=SUCCESS method=ToVerifyProductPage.verifyaddToCart()[pri:1, instance:TempTestNg2.ToVerifyProductPage@6572421] output={null}]]]>
              </value>
            </param>
          </params>
          <reporter-output>
          </reporter-output>
        </test-method> <!-- screenshot -->
        <test-method is-config="true" signature="searchProduct()[pri:0, instance:TempTestNg2.ToVerifyProductPage@6572421]" started-at="2022-09-24T15:54:06 IST" name="searchProduct" finished-at="2022-09-24T15:54:33 IST" duration-ms="26973" status="PASS">
          <reporter-output>
          </reporter-output>
        </test-method> <!-- searchProduct -->
        <test-method signature="verifyBuyNowButton()[pri:2, instance:TempTestNg2.ToVerifyProductPage@6572421]" started-at="2022-09-24T15:54:33 IST" name="verifyBuyNowButton" finished-at="2022-09-24T15:54:54 IST" duration-ms="20773" status="PASS">
          <reporter-output>
          </reporter-output>
        </test-method> <!-- verifyBuyNowButton -->
        <test-method is-config="true" signature="screenshot(org.testng.ITestResult)[pri:0, instance:TempTestNg2.ToVerifyProductPage@6572421]" started-at="2022-09-24T15:54:54 IST" name="screenshot" finished-at="2022-09-24T15:54:54 IST" duration-ms="0" status="PASS">
          <params>
            <param index="0">
              <value>
                <![CDATA[[TestResult name=verifyBuyNowButton status=SUCCESS method=ToVerifyProductPage.verifyBuyNowButton()[pri:2, instance:TempTestNg2.ToVerifyProductPage@6572421] output={null}]]]>
              </value>
            </param>
          </params>
          <reporter-output>
          </reporter-output>
        </test-method> <!-- screenshot -->
        <test-method is-config="true" signature="searchProduct()[pri:0, instance:TempTestNg2.ToVerifyProductPage@6572421]" started-at="2022-09-24T15:54:54 IST" name="searchProduct" finished-at="2022-09-24T15:55:15 IST" duration-ms="21452" status="PASS">
          <reporter-output>
          </reporter-output>
        </test-method> <!-- searchProduct -->
        <test-method signature="verifyAddtoWishListButton()[pri:3, instance:TempTestNg2.ToVerifyProductPage@6572421]" started-at="2022-09-24T15:55:15 IST" name="verifyAddtoWishListButton" finished-at="2022-09-24T15:55:30 IST" duration-ms="15120" status="PASS">
          <reporter-output>
          </reporter-output>
        </test-method> <!-- verifyAddtoWishListButton -->
        <test-method is-config="true" signature="screenshot(org.testng.ITestResult)[pri:0, instance:TempTestNg2.ToVerifyProductPage@6572421]" started-at="2022-09-24T15:55:30 IST" name="screenshot" finished-at="2022-09-24T15:55:30 IST" duration-ms="1" status="PASS">
          <params>
            <param index="0">
              <value>
                <![CDATA[[TestResult name=verifyAddtoWishListButton status=SUCCESS method=ToVerifyProductPage.verifyAddtoWishListButton()[pri:3, instance:TempTestNg2.ToVerifyProductPage@6572421] output={null}]]]>
              </value>
            </param>
          </params>
          <reporter-output>
          </reporter-output>
        </test-method> <!-- screenshot -->
        <test-method is-config="true" signature="cleanPOMObjects()[pri:0, instance:TempTestNg2.ToVerifyProductPage@6572421]" started-at="2022-09-24T15:55:30 IST" name="cleanPOMObjects" finished-at="2022-09-24T15:55:30 IST" duration-ms="1" status="PASS">
          <reporter-output>
          </reporter-output>
        </test-method> <!-- cleanPOMObjects -->
        <test-method is-config="true" signature="closedBrowser()[pri:0, instance:TempTestNg2.ToVerifyProductPage@6572421]" started-at="2022-09-24T15:55:34 IST" name="closedBrowser" finished-at="2022-09-24T15:55:35 IST" duration-ms="1217" status="PASS">
          <reporter-output>
          </reporter-output>
        </test-method> <!-- closedBrowser -->
      </class> <!-- TempTestNg2.ToVerifyProductPage -->
      <class name="TempTestNg2.ToVerifyAllTab">
        <test-method is-config="true" signature="launchBrowser(java.lang.String)[pri:0, instance:TempTestNg2.ToVerifyAllTab@294425a7]" started-at="2022-09-24T15:51:16 IST" name="launchBrowser" finished-at="2022-09-24T15:51:27 IST" duration-ms="11077" status="PASS">
          <params>
            <param index="0">
              <value>
                <![CDATA[Chrome]]>
              </value>
            </param>
          </params>
          <reporter-output>
          </reporter-output>
        </test-method> <!-- launchBrowser -->
        <test-method is-config="true" signature="createPOMObjects()[pri:0, instance:TempTestNg2.ToVerifyAllTab@294425a7]" started-at="2022-09-24T15:52:08 IST" name="createPOMObjects" finished-at="2022-09-24T15:52:08 IST" duration-ms="11" status="PASS">
          <reporter-output>
          </reporter-output>
        </test-method> <!-- createPOMObjects -->
        <test-method is-config="true" signature="toVerifyAllbutton()[pri:0, instance:TempTestNg2.ToVerifyAllTab@294425a7]" started-at="2022-09-24T15:52:08 IST" name="toVerifyAllbutton" finished-at="2022-09-24T15:52:33 IST" duration-ms="24515" status="PASS">
          <reporter-output>
          </reporter-output>
        </test-method> <!-- toVerifyAllbutton -->
        <test-method signature="verifyHandbagsButton()[pri:0, instance:TempTestNg2.ToVerifyAllTab@294425a7]" started-at="2022-09-24T15:52:33 IST" name="verifyHandbagsButton" finished-at="2022-09-24T15:52:35 IST" duration-ms="2242" status="PASS">
          <reporter-output>
          </reporter-output>
        </test-method> <!-- verifyHandbagsButton -->
        <test-method is-config="true" signature="sscrenshot(org.testng.ITestResult)[pri:0, instance:TempTestNg2.ToVerifyAllTab@294425a7]" started-at="2022-09-24T15:52:35 IST" name="sscrenshot" finished-at="2022-09-24T15:52:35 IST" duration-ms="1" status="PASS">
          <params>
            <param index="0">
              <value>
                <![CDATA[[TestResult name=verifyHandbagsButton status=SUCCESS method=ToVerifyAllTab.verifyHandbagsButton()[pri:0, instance:TempTestNg2.ToVerifyAllTab@294425a7] output={null}]]]>
              </value>
            </param>
          </params>
          <reporter-output>
          </reporter-output>
        </test-method> <!-- sscrenshot -->
        <test-method is-config="true" signature="toVerifyAllbutton()[pri:0, instance:TempTestNg2.ToVerifyAllTab@294425a7]" started-at="2022-09-24T15:52:35 IST" name="toVerifyAllbutton" finished-at="2022-09-24T15:52:57 IST" duration-ms="21608" status="PASS">
          <reporter-output>
          </reporter-output>
        </test-method> <!-- toVerifyAllbutton -->
        <test-method signature="verifySandalsButton()[pri:0, instance:TempTestNg2.ToVerifyAllTab@294425a7]" started-at="2022-09-24T15:52:57 IST" name="verifySandalsButton" finished-at="2022-09-24T15:53:03 IST" duration-ms="6418" status="PASS">
          <reporter-output>
          </reporter-output>
        </test-method> <!-- verifySandalsButton -->
        <test-method is-config="true" signature="sscrenshot(org.testng.ITestResult)[pri:0, instance:TempTestNg2.ToVerifyAllTab@294425a7]" started-at="2022-09-24T15:53:03 IST" name="sscrenshot" finished-at="2022-09-24T15:53:03 IST" duration-ms="0" status="PASS">
          <params>
            <param index="0">
              <value>
                <![CDATA[[TestResult name=verifySandalsButton status=SUCCESS method=ToVerifyAllTab.verifySandalsButton()[pri:0, instance:TempTestNg2.ToVerifyAllTab@294425a7] output={null}]]]>
              </value>
            </param>
          </params>
          <reporter-output>
          </reporter-output>
        </test-method> <!-- sscrenshot -->
        <test-method is-config="true" signature="cleanPOMObjects()[pri:0, instance:TempTestNg2.ToVerifyAllTab@294425a7]" started-at="2022-09-24T15:53:03 IST" name="cleanPOMObjects" finished-at="2022-09-24T15:53:03 IST" duration-ms="0" status="PASS">
          <reporter-output>
          </reporter-output>
        </test-method> <!-- cleanPOMObjects -->
        <test-method is-config="true" signature="closedBrowser()[pri:0, instance:TempTestNg2.ToVerifyAllTab@294425a7]" started-at="2022-09-24T15:55:30 IST" name="closedBrowser" finished-at="2022-09-24T15:55:32 IST" duration-ms="1064" status="PASS">
          <reporter-output>
          </reporter-output>
        </test-method> <!-- closedBrowser -->
      </class> <!-- TempTestNg2.ToVerifyAllTab -->
    </test> <!-- ChromeTest -->
  </suite> <!-- Suite -->
</testng-results>
